# do {I2C_sim_tb_compile.do}
# QuestaSim-64 vmap 10.4e Lib Mapping Utility 2016.04 Apr  9 2016
# vmap xil_defaultlib questa_lib/msim/xil_defaultlib 
# Modifying modelsim.ini
# QuestaSim-64 vmap 10.4e Lib Mapping Utility 2016.04 Apr  9 2016
# vmap xpm questa_lib/msim/xpm 
# Modifying modelsim.ini
# ** Warning: (vlog-159) Mode option -64 is not supported in this context and will be ignored.
# 
# QuestaSim-64 vlog 10.4e Compiler 2016.04 Apr  9 2016
# Start time: 11:22:46 on Sep 19,2023
# vlog -64 -incr -sv -work xil_defaultlib "+incdir+../../../../dual_cam_display_ov5640_k7.srcs/sources_1/imports/sources_1" "+incdir+../../../../dual_cam_display_ov5640_k7.srcs/sources_1/imports/i2c_master" "+incdir+../../../../dual_cam_display_ov5640_k7.srcs/sources_1/ip/clk_200M" D:/Xilinx/Vivado/2018.3/data/ip/xpm/xpm_cdc/hdl/xpm_cdc.sv D:/Xilinx/Vivado/2018.3/data/ip/xpm/xpm_memory/hdl/xpm_memory.sv 
# -- Compiling module xpm_cdc_single
# -- Compiling module xpm_cdc_gray
# -- Compiling module xpm_cdc_handshake
# -- Compiling module xpm_cdc_pulse
# -- Compiling module xpm_cdc_array_single
# -- Compiling module xpm_cdc_sync_rst
# -- Compiling module xpm_cdc_async_rst
# -- Compiling module xpm_cdc_low_latency_handshake
# -- Compiling module xpm_memory_base
# -- Compiling module asym_bwe_bb
# -- Compiling module xpm_memory_dpdistram
# -- Compiling module xpm_memory_dprom
# -- Compiling module xpm_memory_sdpram
# -- Compiling module xpm_memory_spram
# -- Compiling module xpm_memory_sprom
# -- Compiling module xpm_memory_tdpram
# 
# Top level modules:
# 	xpm_cdc_gray
# 	xpm_cdc_handshake
# 	xpm_cdc_pulse
# 	xpm_cdc_array_single
# 	xpm_cdc_sync_rst
# 	xpm_cdc_async_rst
# 	xpm_cdc_low_latency_handshake
# 	xpm_memory_dpdistram
# 	xpm_memory_dprom
# 	xpm_memory_sdpram
# 	xpm_memory_spram
# 	xpm_memory_sprom
# 	xpm_memory_tdpram
# End time: 11:22:47 on Sep 19,2023, Elapsed time: 0:00:01
# Errors: 0, Warnings: 1
# ** Warning: (vcom-159) Mode option -64 is not supported in this context and will be ignored.
# 
# QuestaSim-64 vcom 10.4e Compiler 2016.04 Apr  9 2016
# Start time: 11:22:48 on Sep 19,2023
# vcom -64 -93 -work xpm D:/Xilinx/Vivado/2018.3/data/ip/xpm/xpm_VCOMP.vhd 
# -- Loading package STANDARD
# -- Loading package TEXTIO
# -- Loading package std_logic_1164
# -- Compiling package VCOMPONENTS
# End time: 11:22:49 on Sep 19,2023, Elapsed time: 0:00:01
# Errors: 0, Warnings: 1
# ** Warning: (vlog-159) Mode option -64 is not supported in this context and will be ignored.
# 
# QuestaSim-64 vlog 10.4e Compiler 2016.04 Apr  9 2016
# Start time: 11:22:49 on Sep 19,2023
# vlog -64 -incr -work xil_defaultlib "+incdir+../../../../dual_cam_display_ov5640_k7.srcs/sources_1/imports/sources_1" "+incdir+../../../../dual_cam_display_ov5640_k7.srcs/sources_1/imports/i2c_master" "+incdir+../../../../dual_cam_display_ov5640_k7.srcs/sources_1/ip/clk_200M" ../../../../dual_cam_display_ov5640_k7.srcs/sim_1/new/I2C_sim_tb.v 
# -- Compiling module I2C_sim_tb
# 
# Top level modules:
# 	I2C_sim_tb
# End time: 11:22:49 on Sep 19,2023, Elapsed time: 0:00:00
# Errors: 0, Warnings: 1
# QuestaSim-64 vlog 10.4e Compiler 2016.04 Apr  9 2016
# Start time: 11:22:49 on Sep 19,2023
# vlog -work xil_defaultlib glbl.v 
# -- Compiling module glbl
# 
# Top level modules:
# 	glbl
# End time: 11:22:49 on Sep 19,2023, Elapsed time: 0:00:00
# Errors: 0, Warnings: 0
