# //  Questa Sim-64
# //  Version 10.7c win64 Aug 18 2018
# //
# //  Copyright 1991-2018 Mentor Graphics Corporation
# //  All Rights Reserved.
# //
# //  QuestaSim and its associated documentation contain trade
# //  secrets and commercial or financial information that are the property of
# //  Mentor Graphics Corporation and are privileged, confidential,
# //  and exempt from disclosure under the Freedom of Information Act,
# //  5 U.S.C. Section 552. Furthermore, this information
# //  is prohibited from disclosure under the Trade Secrets Act,
# //  18 U.S.C. Section 1905.
# //
# do {I2C_sim_tb_simulate.do}
# vsim -lib xil_defaultlib I2C_sim_tb_opt 
# Start time: 15:41:52 on Jun 01,2022
# Loading work.I2C_sim_tb(fast)
# Loading work.I2C_sim(fast)
# Loading work.clocks(fast)
# Loading unisims_ver.BUFGCE(fast)
# Loading work.clk_200M(fast)
# Loading work.clk_200M_clk_wiz(fast)
# Loading unisims_ver.IBUF(fast)
# Loading unisims_ver.MMCME2_ADV(fast)
# Loading unisims_ver.BUFG(fast)
# Loading work.syn_block(fast)
# Loading unisims_ver.FDRE(fast)
# Loading work.cmos_reset_gen(fast)
# Loading work.CMOS_OV5640RST(fast)
# Loading work.i2c_config_state(fast)
# Loading work.i2c_master_top(fast)
# Loading work.i2c_master_byte_ctrl(fast)
# Loading work.i2c_master_bit_ctrl(fast)
# Loading work.lut_ov5640_rgb565_640_480(fast)
# Loading work.IIC_TOP(fast)
# Loading work.OV5640REG_CONFIG(fast)
# Loading work.IIC_CONFIG(fast)
# Loading work.IIC_WR_BYTE(fast)
# Loading work.glbl(fast)
# 1
# 1
# ** Warning: (vsim-WLF-5000) WLF file currently in use: vsim.wlf
#           File in use by: wolf  Hostname: DESKTOP-DNPOCRL  ProcessID: 228624
#           Attempting to use alternate WLF file "./wlftks6t6f".
# ** Warning: (vsim-WLF-5001) Could not open WLF file: vsim.wlf
#           Using alternate file: ./wlftks6t6f
# .main_pane.wave.interior.cs.body.pw.wf
# .main_pane.structure.interior.cs.body.struct
# .main_pane.objects.interior.cs.body.tree
add wave -position insertpoint sim:/I2C_sim_tb/inst_I2C_sim/i2c_config_m0/*
add wave -position insertpoint sim:/I2C_sim_tb/inst_I2C_sim/U1/*
restart
# Loading work.I2C_sim_tb(fast)
# Loading work.I2C_sim(fast)
# Loading work.clocks(fast)
# Loading unisims_ver.BUFGCE(fast)
# Loading work.clk_200M(fast)
# Loading work.clk_200M_clk_wiz(fast)
# Loading unisims_ver.IBUF(fast)
# Loading unisims_ver.MMCME2_ADV(fast)
# Loading unisims_ver.BUFG(fast)
# Loading work.syn_block(fast)
# Loading unisims_ver.FDRE(fast)
# Loading work.cmos_reset_gen(fast)
# Loading work.CMOS_OV5640RST(fast)
# Loading work.i2c_config_state(fast)
# Loading work.i2c_master_top(fast)
# Loading work.i2c_master_byte_ctrl(fast)
# Loading work.i2c_master_bit_ctrl(fast)
# Loading work.lut_ov5640_rgb565_640_480(fast)
# Loading work.IIC_TOP(fast)
# Loading work.OV5640REG_CONFIG(fast)
# Loading work.IIC_CONFIG(fast)
# Loading work.IIC_WR_BYTE(fast)
# Loading work.glbl(fast)
run 500 ms
# Warning: [Unisim MMCME2_ADV-20] Input CLKIN1 period and attribute CLKIN1_PERIOD are not same. Instance I2C_sim_tb.inst_I2C_sim.inst_clocks.clk_ref_m0.inst.mmcm_adv_inst 
add wave -position insertpoint sim:/I2C_sim_tb/inst_I2C_sim/i2c_config_m0/i2c_master_top_m0/byte_controller/*
add wave -position insertpoint sim:/I2C_sim_tb/inst_I2C_sim/i2c_config_m0/i2c_master_top_m0/byte_controller/bit_controller/*
